app/build/intermediates/manifest_merge_blame_file/debug/manifest-merger-blame-debug-report.txt
1<?xml version="1.0" encoding="utf-8"?>
2<manifest xmlns:android="http://schemas.android.com/apk/res/android"
3    package="mahbubcseju.bkashverificationsystem"
4    android:versionCode="1"
5    android:versionName="1.0" >
6
7    <uses-sdk
8        android:minSdkVersion="19"
8-->src\main\AndroidManifest.xml
9        android:targetSdkVersion="33" />
9-->src\main\AndroidManifest.xml
10
11    <uses-permission android:name="android.permission.READ_CONTACTS" />
11-->src\main\AndroidManifest.xml:5:5-72
11-->src\main\AndroidManifest.xml:5:22-69
12    <uses-permission android:name="android.permission.READ_PHONE_STATE" />
12-->src\main\AndroidManifest.xml:6:5-75
12-->src\main\AndroidManifest.xml:6:22-72
13    <uses-permission android:name="android.permission.SEND_SMS" />
13-->src\main\AndroidManifest.xml:7:5-67
13-->src\main\AndroidManifest.xml:7:22-64
14    <uses-permission android:name="android.permission.RECEIVE_SMS" />
14-->src\main\AndroidManifest.xml:8:5-70
14-->src\main\AndroidManifest.xml:8:22-67
15    <uses-permission android:name="android.permission.READ_SMS" />
15-->src\main\AndroidManifest.xml:9:5-67
15-->src\main\AndroidManifest.xml:9:22-64
16    <uses-permission android:name="android.permission.WRITE_SMS" />
16-->src\main\AndroidManifest.xml:10:5-68
16-->src\main\AndroidManifest.xml:10:22-65
17    <uses-permission android:name="android.permission.RECEIVE_MMS" />
17-->src\main\AndroidManifest.xml:11:5-70
17-->src\main\AndroidManifest.xml:11:22-67
18    <uses-permission android:name="android.permission.VIBRATE" />
18-->src\main\AndroidManifest.xml:12:5-66
18-->src\main\AndroidManifest.xml:12:22-63
19    <uses-permission android:name="android.permission.INTERNET" />
19-->src\main\AndroidManifest.xml:13:5-67
19-->src\main\AndroidManifest.xml:13:22-64
20    <uses-permission android:name="android.permission.WRITE_EXTERNAL_STORAGE" />
20-->src\main\AndroidManifest.xml:14:5-81
20-->src\main\AndroidManifest.xml:14:22-78
21
22    <application
22-->src\main\AndroidManifest.xml:16:5-37:19
23        android:allowBackup="true"
23-->src\main\AndroidManifest.xml:17:9-35
24        android:appComponentFactory="android.support.v4.app.CoreComponentFactory"
24-->[com.android.support:support-compat:28.0.0] AndroidManifest.xml:22:18-91
25        android:debuggable="true"
26        android:exported="true"
26-->src\main\AndroidManifest.xml:23:9-32
27        android:icon="@mipmap/ic_launcher"
27-->src\main\AndroidManifest.xml:18:9-43
28        android:label="@string/app_name"
28-->src\main\AndroidManifest.xml:19:9-41
29        android:roundIcon="@mipmap/ic_launcher_round"
29-->src\main\AndroidManifest.xml:20:9-54
30        android:supportsRtl="true"
30-->src\main\AndroidManifest.xml:21:9-35
31        android:theme="@style/AppTheme" >
31-->src\main\AndroidManifest.xml:22:9-40
32        <activity
32-->src\main\AndroidManifest.xml:24:9-30:20
33            android:name="mahbubcseju.bkashverificationsystem.MainActivity"
33-->src\main\AndroidManifest.xml:24:19-47
34            android:exported="true" >
34-->src\main\AndroidManifest.xml:24:48-71
35            <intent-filter>
35-->src\main\AndroidManifest.xml:25:13-29:29
36                <action android:name="android.intent.action.MAIN" />
36-->src\main\AndroidManifest.xml:26:17-69
36-->src\main\AndroidManifest.xml:26:25-66
37
38                <category android:name="android.intent.category.LAUNCHER" />
38-->src\main\AndroidManifest.xml:28:17-77
38-->src\main\AndroidManifest.xml:28:27-74
39            </intent-filter>
40        </activity>
41
42        <receiver
42-->src\main\AndroidManifest.xml:32:9-36:20
43            android:name="mahbubcseju.bkashverificationsystem.SmsReceiver"
43-->src\main\AndroidManifest.xml:32:19-46
44            android:exported="true" >
44-->src\main\AndroidManifest.xml:32:47-70
45            <intent-filter>
45-->src\main\AndroidManifest.xml:33:13-35:29
46                <action android:name="android.provider.Telephony.SMS_RECEIVED" />
46-->src\main\AndroidManifest.xml:34:17-81
46-->src\main\AndroidManifest.xml:34:25-79
47            </intent-filter>
48        </receiver>
49    </application>
50
51</manifest>